<?xml version="1.0" encoding="UTF-8"?>
<!-- Generated by org.testng.reporters.JUnitXMLReporter -->
<testsuite ignored="1" hostname="DESKTOP-6DELI1Q" failures="0" tests="1" name="Default test" time="7.737" errors="0" timestamp="2023-08-01T22:38:03 IST">
  <testcase classname="com.assignment.test.UITest" name="testWeatherDataInCelsius" time="2.124"/>
  <testcase classname="com.assignment.test.UITest" name="testWeatherDataInFarenheit" time="0.0">
    <ignored/>
  </testcase> <!-- testWeatherDataInFarenheit -->
</testsuite> <!-- Default test -->
