<?xml version="1.0" encoding="UTF-8"?>
<testng-results ignored="1" total="2" passed="1" failed="0" skipped="0">
  <reporter-output>
  </reporter-output>
  <suite started-at="2023-08-01T22:37:55 IST" name="Default suite" finished-at="2023-08-01T22:38:03 IST" duration-ms="7737">
    <groups>
    </groups>
    <test started-at="2023-08-01T22:37:55 IST" name="Default test" finished-at="2023-08-01T22:38:03 IST" duration-ms="7737">
      <class name="com.assignment.test.UITest">
        <test-method is-config="true" signature="setup()[pri:0, instance:com.assignment.test.UITest@2e6a8155]" started-at="2023-08-01T22:37:32 IST" name="setup" finished-at="2023-08-01T22:37:55 IST" duration-ms="23245" status="PASS">
          <reporter-output>
          </reporter-output>
        </test-method> <!-- setup -->
        <test-method is-config="true" signature="initialization()[pri:0, instance:com.assignment.test.UITest@2e6a8155]" started-at="2023-08-01T22:37:55 IST" name="initialization" finished-at="2023-08-01T22:38:00 IST" duration-ms="4942" status="PASS">
          <reporter-output>
          </reporter-output>
        </test-method> <!-- initialization -->
        <test-method signature="testWeatherDataInCelsius()[pri:0, instance:com.assignment.test.UITest@2e6a8155]" started-at="2023-08-01T22:38:00 IST" name="testWeatherDataInCelsius" finished-at="2023-08-01T22:38:02 IST" duration-ms="2124" status="PASS">
          <reporter-output>
          </reporter-output>
        </test-method> <!-- testWeatherDataInCelsius -->
        <test-method is-config="true" signature="tearDown()[pri:0, instance:com.assignment.test.UITest@2e6a8155]" started-at="2023-08-01T22:38:02 IST" name="tearDown" finished-at="2023-08-01T22:38:03 IST" duration-ms="595" status="PASS">
          <reporter-output>
          </reporter-output>
        </test-method> <!-- tearDown -->
      </class> <!-- com.assignment.test.UITest -->
    </test> <!-- Default test -->
  </suite> <!-- Default suite -->
</testng-results>
